f:\dev\vulkan tutorial\vulkantest\build\libraries\glfw\src\debug\glfw3.pdb
f:\dev\vulkan tutorial\vulkantest\build\libraries\glfw\src\glfw.dir\debug\win32_window.obj
f:\dev\vulkan tutorial\vulkantest\build\libraries\glfw\src\glfw.dir\debug\win32_monitor.obj
f:\dev\vulkan tutorial\vulkantest\build\libraries\glfw\src\glfw.dir\debug\win32_joystick.obj
f:\dev\vulkan tutorial\vulkantest\build\libraries\glfw\src\glfw.dir\debug\win32_init.obj
f:\dev\vulkan tutorial\vulkantest\build\libraries\glfw\src\glfw.dir\debug\win32_thread.obj
f:\dev\vulkan tutorial\vulkantest\build\libraries\glfw\src\glfw.dir\debug\win32_time.obj
f:\dev\vulkan tutorial\vulkantest\build\libraries\glfw\src\glfw.dir\debug\win32_module.obj
f:\dev\vulkan tutorial\vulkantest\build\libraries\glfw\src\glfw.dir\debug\null_joystick.obj
f:\dev\vulkan tutorial\vulkantest\build\libraries\glfw\src\glfw.dir\debug\null_window.obj
f:\dev\vulkan tutorial\vulkantest\build\libraries\glfw\src\glfw.dir\debug\null_monitor.obj
f:\dev\vulkan tutorial\vulkantest\build\libraries\glfw\src\glfw.dir\debug\null_init.obj
f:\dev\vulkan tutorial\vulkantest\build\libraries\glfw\src\glfw.dir\debug\osmesa_context.obj
f:\dev\vulkan tutorial\vulkantest\build\libraries\glfw\src\glfw.dir\debug\egl_context.obj
f:\dev\vulkan tutorial\vulkantest\build\libraries\glfw\src\glfw.dir\debug\window.obj
f:\dev\vulkan tutorial\vulkantest\build\libraries\glfw\src\glfw.dir\debug\vulkan.obj
f:\dev\vulkan tutorial\vulkantest\build\libraries\glfw\src\glfw.dir\debug\platform.obj
f:\dev\vulkan tutorial\vulkantest\build\libraries\glfw\src\glfw.dir\debug\monitor.obj
f:\dev\vulkan tutorial\vulkantest\build\libraries\glfw\src\glfw.dir\debug\input.obj
f:\dev\vulkan tutorial\vulkantest\build\libraries\glfw\src\glfw.dir\debug\init.obj
f:\dev\vulkan tutorial\vulkantest\build\libraries\glfw\src\glfw.dir\debug\context.obj
f:\dev\vulkan tutorial\vulkantest\build\libraries\glfw\src\glfw.dir\debug\wgl_context.obj
f:\dev\vulkan tutorial\vulkantest\build\libraries\glfw\src\cmakefiles\generate.stamp
f:\dev\vulkan tutorial\vulkantest\build\libraries\glfw\src\debug\glfw3.lib
f:\dev\vulkan tutorial\vulkantest\build\libraries\glfw\src\glfw.dir\debug\glfw.tlog\cl.command.1.tlog
f:\dev\vulkan tutorial\vulkantest\build\libraries\glfw\src\glfw.dir\debug\glfw.tlog\cl.read.1.tlog
f:\dev\vulkan tutorial\vulkantest\build\libraries\glfw\src\glfw.dir\debug\glfw.tlog\cl.write.1.tlog
f:\dev\vulkan tutorial\vulkantest\build\libraries\glfw\src\glfw.dir\debug\glfw.tlog\custombuild.command.1.tlog
f:\dev\vulkan tutorial\vulkantest\build\libraries\glfw\src\glfw.dir\debug\glfw.tlog\custombuild.read.1.tlog
f:\dev\vulkan tutorial\vulkantest\build\libraries\glfw\src\glfw.dir\debug\glfw.tlog\custombuild.write.1.tlog
f:\dev\vulkan tutorial\vulkantest\build\libraries\glfw\src\glfw.dir\debug\glfw.tlog\lib-link.read.1.tlog
f:\dev\vulkan tutorial\vulkantest\build\libraries\glfw\src\glfw.dir\debug\glfw.tlog\lib-link.write.1.tlog
f:\dev\vulkan tutorial\vulkantest\build\libraries\glfw\src\glfw.dir\debug\glfw.tlog\lib.command.1.tlog
